{"/home/damiclem/Projects/dgraph-ts/src/classes/connection.ts": {"path":"/home/damiclem/Projects/dgraph-ts/src/classes/connection.ts","statementMap":{"0":{"start":{"line":5,"column":8},"end":{"line":5,"column":23}}},"fnMap":{"0":{"name":"(anonymous_0)","decl":{"start":{"line":3,"column":4},"end":{"line":3,"column":5}},"loc":{"start":{"line":3,"column":29},"end":{"line":6,"column":5}},"line":3}},"branchMap":{},"s":{"0":1},"f":{"0":1},"b":{},"_coverageSchema":"1a1c01bbd47fc00a2c39e90264f33305004495a9","hash":"efdce6ff7bf1f908777ac2ba5c31955b4be637a0"}
}
